TN:
SF:src/config.ts
FN:7,validateSecrets
FN:24,(anonymous_2)
FNF:2
FNH:0
FNDA:0,validateSecrets
FNDA:0,(anonymous_2)
DA:1,42
DA:4,42
DA:8,0
DA:10,0
DA:11,0
DA:14,0
DA:15,0
DA:18,0
DA:19,0
DA:22,0
DA:23,0
DA:24,0
DA:25,0
DA:28,0
DA:33,42
DA:34,0
DA:35,42
DA:36,0
DA:39,42
LF:19
LH:5
BRDA:10,0,0,0
BRDA:14,1,0,0
BRDA:18,2,0,0
BRDA:22,3,0,0
BRDA:33,4,0,0
BRDA:33,4,1,42
BRDA:35,5,0,0
BRDA:40,6,0,42
BRDA:40,6,1,0
BRDA:41,7,0,42
BRDA:41,7,1,0
BRDA:42,8,0,42
BRDA:42,8,1,0
BRDA:44,9,0,42
BRDA:44,9,1,0
BRDA:46,10,0,42
BRDA:46,10,1,0
BRF:17
BRH:6
end_of_record
TN:
SF:src/controllers/movieComparisionController.ts
FN:20,removeFromWatchlistAll
FN:26,(anonymous_11)
FN:80,(anonymous_12)
FN:135,(anonymous_13)
FN:170,(anonymous_14)
FN:252,(anonymous_15)
FNF:6
FNH:6
FNDA:50,removeFromWatchlistAll
FNDA:41,(anonymous_11)
FNDA:13,(anonymous_12)
FNDA:46,(anonymous_13)
FNDA:85,(anonymous_14)
FNDA:12,(anonymous_15)
DA:2,10
DA:3,10
DA:4,10
DA:5,10
DA:6,10
DA:7,10
DA:8,10
DA:15,10
DA:16,10
DA:17,10
DA:21,50
DA:22,50
DA:26,10
DA:27,41
DA:28,41
DA:29,41
DA:30,41
DA:31,0
DA:33,41
DA:39,41
DA:41,41
DA:44,39
DA:45,18
DA:52,18
DA:55,17
DA:71,17
DA:72,17
DA:76,17
DA:77,17
DA:78,17
DA:79,17
DA:80,26
DA:81,13
DA:82,13
DA:83,5
DA:84,5
DA:88,17
DA:97,17
DA:100,17
DA:101,17
DA:104,17
DA:105,17
DA:106,5
DA:109,5
DA:114,5
DA:115,5
DA:116,5
DA:117,4
DA:126,1
DA:131,17
DA:135,46
DA:136,5
DA:137,5
DA:145,16
DA:146,16
DA:147,16
DA:148,16
DA:151,16
DA:153,16
DA:165,3
DA:166,3
DA:170,10
DA:171,85
DA:172,85
DA:173,85
DA:174,85
DA:175,0
DA:177,85
DA:181,85
DA:183,85
DA:184,61
DA:187,24
DA:188,24
DA:190,22
DA:191,22
DA:193,22
DA:194,10
DA:196,12
DA:200,22
DA:201,12
DA:203,12
DA:208,12
DA:216,12
DA:219,12
DA:220,12
DA:244,12
DA:245,12
DA:249,12
DA:250,12
DA:251,12
DA:252,24
DA:253,12
DA:254,12
DA:255,8
DA:256,8
DA:259,12
DA:268,12
DA:271,12
DA:272,12
DA:275,12
DA:276,12
DA:277,4
DA:280,4
DA:285,4
DA:286,4
DA:287,4
DA:288,3
DA:297,1
DA:302,12
DA:306,10
DA:307,10
DA:308,10
DA:310,10
DA:322,4
DA:323,4
LF:115
LH:113
BRDA:4,0,0,10
BRDA:4,0,1,0
BRDA:30,1,0,0
BRDA:44,2,0,18
BRDA:79,3,0,13
BRDA:79,4,0,17
BRDA:79,4,1,12
BRDA:83,5,0,1
BRDA:83,6,0,1
BRDA:83,6,1,0
BRDA:84,7,0,5
BRDA:84,8,0,5
BRDA:84,8,1,0
BRDA:101,9,0,17
BRDA:101,9,1,0
BRDA:116,10,0,4
BRDA:135,11,0,5
BRDA:174,12,0,0
BRDA:183,13,0,61
BRDA:193,14,0,10
BRDA:193,14,1,12
BRDA:200,15,0,12
BRDA:255,16,0,1
BRDA:255,17,0,1
BRDA:255,17,1,0
BRDA:256,18,0,8
BRDA:256,18,1,0
BRDA:272,19,0,12
BRDA:272,19,1,0
BRDA:287,20,0,3
BRF:30
BRH:21
end_of_record
TN:
SF:src/controllers/rerankController.ts
FN:6,(anonymous_1)
FNF:1
FNH:1
FNDA:43,(anonymous_1)
DA:2,10
DA:3,10
DA:4,10
DA:6,10
DA:7,43
DA:8,43
DA:9,43
DA:10,43
DA:11,25
DA:14,18
DA:15,18
DA:16,17
DA:19,15
DA:20,15
DA:21,15
DA:22,15
DA:25,14
DA:26,14
DA:27,5
DA:34,5
DA:35,5
DA:39,9
DA:40,9
DA:41,9
DA:42,9
DA:57,2
LF:26
LH:26
BRDA:10,0,0,25
BRDA:10,1,0,43
BRDA:10,1,1,19
BRDA:16,2,0,2
BRDA:26,3,0,5
BRDA:50,4,0,9
BRDA:50,4,1,1
BRF:7
BRH:7
end_of_record
TN:
SF:src/controllers/auth/authController.ts
FN:9,(anonymous_1)
FN:41,(anonymous_2)
FN:73,(anonymous_3)
FN:80,(anonymous_4)
FNF:4
FNH:4
FNDA:7,(anonymous_1)
FNDA:7,(anonymous_2)
FNDA:1,(anonymous_3)
FNDA:2,(anonymous_4)
DA:2,3
DA:4,3
DA:5,3
DA:7,3
DA:9,3
DA:10,7
DA:11,7
DA:13,7
DA:14,1
DA:20,6
DA:22,1
DA:34,5
DA:41,3
DA:42,7
DA:43,7
DA:45,7
DA:46,1
DA:52,6
DA:54,1
DA:66,5
DA:73,3
DA:74,1
DA:80,3
DA:81,2
DA:82,2
DA:83,0
DA:90,2
DA:91,2
DA:97,1
DA:102,1
LF:30
LH:29
BRDA:13,0,0,1
BRDA:13,1,0,7
BRDA:13,1,1,6
BRDA:36,2,0,5
BRDA:36,2,1,0
BRDA:45,3,0,1
BRDA:45,4,0,7
BRDA:45,4,1,6
BRDA:68,5,0,5
BRDA:68,5,1,0
BRDA:82,6,0,0
BRDA:104,7,0,1
BRDA:104,7,1,0
BRF:13
BRH:9
end_of_record
TN:
SF:src/controllers/recommendations/movieRecommendationController.ts
FN:63,(anonymous_1)
FN:79,(anonymous_2)
FN:97,(anonymous_3)
FN:119,(anonymous_4)
FN:146,(anonymous_5)
FN:148,(anonymous_6)
FN:180,(anonymous_7)
FN:182,(anonymous_8)
FN:209,(anonymous_9)
FN:213,(anonymous_10)
FN:220,(anonymous_11)
FN:246,(anonymous_12)
FN:254,(anonymous_13)
FN:274,analyzeUserPreferences
FN:292,(anonymous_15)
FN:320,(anonymous_16)
FN:322,(anonymous_17)
FN:327,(anonymous_18)
FN:328,(anonymous_19)
FN:338,fetchDiscoverRecommendations
FN:375,(anonymous_21)
FN:377,(anonymous_22)
FNF:22
FNH:22
FNDA:10,(anonymous_1)
FNDA:23,(anonymous_2)
FNDA:38,(anonymous_3)
FNDA:264,(anonymous_4)
FNDA:8,(anonymous_5)
FNDA:8,(anonymous_6)
FNDA:33,(anonymous_7)
FNDA:11,(anonymous_8)
FNDA:26,(anonymous_9)
FNDA:24,(anonymous_10)
FNDA:22,(anonymous_11)
FNDA:24,(anonymous_12)
FNDA:24,(anonymous_13)
FNDA:34,analyzeUserPreferences
FNDA:17,(anonymous_15)
FNDA:4,(anonymous_16)
FNDA:13,(anonymous_17)
FNDA:10,(anonymous_18)
FNDA:10,(anonymous_19)
FNDA:34,fetchDiscoverRecommendations
FNDA:8,(anonymous_21)
FNDA:7,(anonymous_22)
DA:2,5
DA:3,5
DA:4,5
DA:5,5
DA:63,5
DA:64,10
DA:65,10
DA:68,10
DA:74,5
DA:75,2
DA:79,23
DA:88,3
DA:90,5
DA:93,5
DA:97,5
DA:98,38
DA:99,38
DA:100,38
DA:101,38
DA:102,0
DA:104,38
DA:105,38
DA:108,38
DA:109,37
DA:110,3
DA:114,34
DA:115,34
DA:117,34
DA:118,34
DA:119,264
DA:122,34
DA:125,34
DA:126,34
DA:127,34
DA:129,0
DA:136,34
DA:137,34
DA:138,34
DA:139,101
DA:140,101
DA:143,15
DA:144,8
DA:145,8
DA:146,8
DA:148,8
DA:158,8
DA:161,86
DA:170,34
DA:171,34
DA:172,34
DA:173,86
DA:174,86
DA:177,9
DA:178,4
DA:179,4
DA:180,33
DA:182,11
DA:192,4
DA:195,77
DA:203,34
DA:204,24
DA:208,10
DA:209,26
DA:213,10
DA:214,24
DA:217,24
DA:220,24
DA:221,22
DA:223,24
DA:226,24
DA:227,15
DA:231,24
DA:232,20
DA:236,24
DA:237,24
DA:238,24
DA:239,24
DA:242,24
DA:246,10
DA:248,24
DA:249,24
DA:250,24
DA:254,24
DA:263,10
DA:265,1
DA:266,1
DA:270,1
DA:275,34
DA:276,34
DA:277,34
DA:278,34
DA:281,34
DA:282,34
DA:283,151
DA:284,151
DA:288,20
DA:291,20
DA:292,16
DA:293,17
DA:298,20
DA:299,16
DA:306,20
DA:307,16
DA:308,16
DA:311,131
DA:319,34
DA:320,4
DA:322,13
DA:325,34
DA:326,34
DA:327,10
DA:328,10
DA:331,34
DA:335,34
DA:343,34
DA:346,34
DA:347,10
DA:357,10
DA:366,10
DA:367,10
DA:370,10
DA:372,8
DA:373,6
DA:374,6
DA:375,8
DA:377,7
DA:387,6
DA:390,2
DA:397,34
LF:129
LH:127
BRDA:74,0,0,2
BRDA:74,1,0,5
BRDA:74,1,1,4
BRDA:82,2,0,23
BRDA:82,2,1,1
BRDA:83,3,0,23
BRDA:83,3,1,1
BRDA:84,4,0,23
BRDA:84,4,1,1
BRDA:85,5,0,23
BRDA:85,5,1,1
BRDA:101,6,0,0
BRDA:109,7,0,3
BRDA:143,8,0,8
BRDA:151,9,0,8
BRDA:151,9,1,0
BRDA:152,10,0,8
BRDA:152,10,1,0
BRDA:153,11,0,8
BRDA:153,11,1,0
BRDA:154,12,0,8
BRDA:154,12,1,0
BRDA:155,13,0,8
BRDA:155,13,1,2
BRDA:156,14,0,8
BRDA:156,14,1,2
BRDA:177,15,0,4
BRDA:185,16,0,11
BRDA:185,16,1,0
BRDA:186,17,0,11
BRDA:186,17,1,0
BRDA:187,18,0,11
BRDA:187,18,1,0
BRDA:188,19,0,11
BRDA:188,19,1,0
BRDA:189,20,0,11
BRDA:189,20,1,0
BRDA:190,21,0,11
BRDA:190,21,1,0
BRDA:203,22,0,24
BRDA:217,23,0,24
BRDA:217,23,1,0
BRDA:220,24,0,24
BRDA:220,24,1,0
BRDA:226,25,0,15
BRDA:226,26,0,24
BRDA:226,26,1,24
BRDA:231,27,0,20
BRDA:231,28,0,24
BRDA:231,28,1,0
BRDA:236,29,0,24
BRDA:236,29,1,0
BRDA:238,30,0,24
BRDA:291,31,0,16
BRDA:293,32,0,17
BRDA:293,32,1,13
BRDA:298,33,0,16
BRDA:301,34,0,16
BRDA:301,34,1,10
BRDA:306,35,0,16
BRDA:331,36,0,10
BRDA:331,36,1,24
BRDA:366,37,0,10
BRDA:372,38,0,6
BRDA:380,39,0,7
BRDA:380,39,1,0
BRDA:381,40,0,7
BRDA:381,40,1,0
BRDA:382,41,0,7
BRDA:382,41,1,0
BRDA:383,42,0,7
BRDA:383,42,1,0
BRDA:384,43,0,7
BRDA:384,43,1,0
BRDA:385,44,0,7
BRDA:385,44,1,0
BRF:76
BRH:55
end_of_record
TN:
SF:src/middleware/auth.ts
FN:8,(anonymous_1)
FNF:1
FNH:1
FNDA:597,(anonymous_1)
DA:2,35
DA:8,35
DA:9,597
DA:10,597
DA:12,597
DA:13,32
DA:19,565
DA:20,559
DA:21,559
DA:23,6
LF:10
LH:10
BRDA:12,0,0,32
BRDA:19,1,0,565
BRDA:19,1,1,0
BRF:3
BRH:2
end_of_record
TN:
SF:src/models/feed/Comment.ts
FNF:0
FNH:0
DA:1,6
DA:10,6
DA:20,6
DA:22,6
LF:4
LH:4
BRF:0
BRH:0
end_of_record
TN:
SF:src/models/feed/FeedActivity.ts
FNF:0
FNH:0
DA:1,16
DA:16,16
DA:31,16
DA:33,16
LF:4
LH:4
BRF:0
BRH:0
end_of_record
TN:
SF:src/models/feed/Like.ts
FNF:0
FNH:0
DA:1,6
DA:9,6
DA:18,6
DA:20,6
DA:22,6
LF:5
LH:5
BRF:0
BRH:0
end_of_record
TN:
SF:src/models/friend/Friend.ts
FNF:0
FNH:0
DA:1,25
DA:10,25
DA:20,25
DA:28,25
DA:37,25
DA:39,25
DA:40,25
LF:7
LH:7
BRF:0
BRH:0
end_of_record
TN:
SF:src/models/movie/RankedMovie.ts
FNF:0
FNH:0
DA:1,20
DA:13,20
DA:24,20
DA:26,20
LF:4
LH:4
BRF:0
BRH:0
end_of_record
TN:
SF:src/models/user/User.ts
FNF:0
FNH:0
DA:1,36
DA:14,36
DA:26,36
LF:3
LH:3
BRF:0
BRH:0
end_of_record
TN:
SF:src/models/watch/WatchlistItem.ts
FNF:0
FNH:0
DA:1,17
DA:12,17
DA:23,17
DA:25,17
LF:4
LH:4
BRF:0
BRH:0
end_of_record
TN:
SF:src/routes/authRoutes.ts
FNF:0
FNH:0
DA:1,3
DA:2,3
DA:3,3
DA:4,3
DA:6,3
DA:8,3
DA:9,3
DA:10,3
DA:11,3
DA:13,3
LF:10
LH:10
BRF:0
BRH:0
end_of_record
TN:
SF:src/routes/feedRoutes.ts
FN:16,(anonymous_1)
FN:19,(anonymous_2)
FN:30,(anonymous_3)
FN:34,(anonymous_4)
FN:48,(anonymous_5)
FN:63,(anonymous_6)
FN:68,(anonymous_7)
FN:77,(anonymous_8)
FN:84,(anonymous_9)
FN:89,(anonymous_10)
FN:135,(anonymous_11)
FN:146,(anonymous_12)
FN:150,(anonymous_13)
FN:164,(anonymous_14)
FN:179,(anonymous_15)
FN:184,(anonymous_16)
FN:193,(anonymous_17)
FN:200,(anonymous_18)
FN:205,(anonymous_19)
FN:251,(anonymous_20)
FN:263,(anonymous_21)
FN:270,(anonymous_22)
FN:319,(anonymous_23)
FN:339,(anonymous_24)
FN:348,(anonymous_25)
FN:372,(anonymous_26)
FN:439,(anonymous_27)
FNF:27
FNH:22
FNDA:14,(anonymous_1)
FNDA:10,(anonymous_2)
FNDA:10,(anonymous_3)
FNDA:10,(anonymous_4)
FNDA:10,(anonymous_5)
FNDA:10,(anonymous_6)
FNDA:2,(anonymous_7)
FNDA:2,(anonymous_8)
FNDA:1,(anonymous_9)
FNDA:10,(anonymous_10)
FNDA:4,(anonymous_11)
FNDA:2,(anonymous_12)
FNDA:2,(anonymous_13)
FNDA:2,(anonymous_14)
FNDA:2,(anonymous_15)
FNDA:0,(anonymous_16)
FNDA:0,(anonymous_17)
FNDA:0,(anonymous_18)
FNDA:2,(anonymous_19)
FNDA:2,(anonymous_20)
FNDA:0,(anonymous_21)
FNDA:7,(anonymous_22)
FNDA:1,(anonymous_23)
FNDA:3,(anonymous_24)
FNDA:1,(anonymous_25)
FNDA:5,(anonymous_26)
FNDA:0,(anonymous_27)
DA:1,6
DA:2,6
DA:3,6
DA:4,6
DA:5,6
DA:6,6
DA:7,6
DA:8,6
DA:9,6
DA:10,6
DA:11,6
DA:12,6
DA:14,6
DA:16,6
DA:17,14
DA:18,14
DA:19,12
DA:21,12
DA:29,12
DA:30,12
DA:31,10
DA:32,10
DA:34,12
DA:35,10
DA:36,10
DA:37,10
DA:38,0
DA:39,0
DA:40,0
DA:41,0
DA:42,0
DA:47,12
DA:48,12
DA:49,10
DA:50,10
DA:51,10
DA:55,10
DA:56,1
DA:57,1
DA:63,12
DA:64,12
DA:68,12
DA:69,2
DA:70,2
DA:73,12
DA:77,12
DA:80,12
DA:84,12
DA:85,1
DA:86,1
DA:89,12
DA:90,10
DA:102,10
DA:103,10
DA:104,10
DA:106,10
DA:128,12
DA:130,2
DA:135,6
DA:136,4
DA:137,4
DA:145,3
DA:146,3
DA:147,2
DA:148,2
DA:150,3
DA:151,2
DA:152,2
DA:153,2
DA:154,0
DA:155,0
DA:156,0
DA:157,0
DA:158,0
DA:163,3
DA:164,3
DA:165,2
DA:166,2
DA:167,2
DA:171,2
DA:172,0
DA:173,0
DA:179,3
DA:180,3
DA:184,3
DA:185,0
DA:186,0
DA:189,3
DA:193,3
DA:196,3
DA:200,3
DA:201,0
DA:202,0
DA:205,3
DA:206,2
DA:218,2
DA:219,2
DA:220,2
DA:222,2
DA:244,3
DA:246,1
DA:251,6
DA:252,2
DA:253,2
DA:254,0
DA:256,2
DA:257,2
DA:258,2
DA:259,2
DA:260,2
DA:262,2
DA:263,1
DA:265,1
DA:270,6
DA:271,7
DA:272,7
DA:275,7
DA:276,6
DA:277,1
DA:281,5
DA:285,5
DA:288,2
DA:289,2
DA:290,2
DA:291,2
DA:293,2
DA:294,1
DA:303,1
DA:307,2
DA:309,4
DA:310,4
DA:312,2
DA:314,2
DA:319,6
DA:320,1
DA:321,1
DA:323,1
DA:328,0
DA:329,0
DA:332,0
DA:334,1
DA:339,6
DA:340,3
DA:341,3
DA:343,3
DA:348,2
DA:349,1
DA:355,1
DA:365,2
DA:367,1
DA:372,6
DA:373,5
DA:374,5
DA:375,5
DA:377,5
DA:378,1
DA:381,4
DA:382,1
DA:386,3
DA:387,3
DA:388,0
DA:391,3
DA:396,3
DA:399,2
DA:401,2
DA:402,2
DA:412,2
DA:413,2
DA:414,2
DA:415,2
DA:417,2
DA:418,1
DA:428,1
DA:432,2
DA:434,1
DA:439,6
DA:440,0
DA:441,0
DA:444,0
DA:449,0
DA:450,0
DA:454,0
DA:455,0
DA:458,0
DA:460,0
DA:462,0
DA:466,6
LF:187
LH:156
BRDA:32,0,0,10
BRDA:32,0,1,0
BRDA:32,0,2,10
BRDA:38,1,0,0
BRDA:38,2,0,0
BRDA:38,2,1,0
BRDA:39,3,0,0
BRDA:39,4,0,0
BRDA:39,4,1,0
BRDA:40,5,0,0
BRDA:40,6,0,0
BRDA:40,6,1,0
BRDA:41,7,0,0
BRDA:41,8,0,0
BRDA:41,8,1,0
BRDA:55,9,0,1
BRDA:115,10,0,10
BRDA:115,10,1,10
BRDA:116,11,0,10
BRDA:116,11,1,10
BRDA:117,12,0,10
BRDA:117,12,1,10
BRDA:118,13,0,10
BRDA:118,13,1,10
BRDA:120,14,0,10
BRDA:120,14,1,9
BRDA:121,15,0,10
BRDA:121,15,1,8
BRDA:122,16,0,10
BRDA:122,16,1,9
BRDA:148,17,0,2
BRDA:148,17,1,0
BRDA:148,17,2,2
BRDA:154,18,0,0
BRDA:154,19,0,0
BRDA:154,19,1,0
BRDA:155,20,0,0
BRDA:155,21,0,0
BRDA:155,21,1,0
BRDA:156,22,0,0
BRDA:156,23,0,0
BRDA:156,23,1,0
BRDA:157,24,0,0
BRDA:157,25,0,0
BRDA:157,25,1,0
BRDA:171,26,0,0
BRDA:231,27,0,2
BRDA:231,27,1,2
BRDA:232,28,0,2
BRDA:232,28,1,2
BRDA:233,29,0,2
BRDA:233,29,1,2
BRDA:234,30,0,2
BRDA:234,30,1,2
BRDA:236,31,0,2
BRDA:236,31,1,2
BRDA:237,32,0,2
BRDA:237,32,1,2
BRDA:238,33,0,2
BRDA:238,33,1,2
BRDA:253,34,0,0
BRDA:276,35,0,1
BRDA:288,36,0,2
BRDA:293,37,0,1
BRDA:293,38,0,2
BRDA:293,38,1,1
BRDA:310,39,0,2
BRDA:328,40,0,0
BRDA:377,41,0,1
BRDA:377,42,0,5
BRDA:377,42,1,4
BRDA:381,43,0,1
BRDA:387,44,0,0
BRDA:412,45,0,2
BRDA:417,46,0,1
BRDA:417,47,0,2
BRDA:417,47,1,1
BRDA:449,48,0,0
BRDA:454,49,0,0
BRF:79
BRH:47
end_of_record
TN:
SF:src/routes/friendRoutes.ts
FN:14,checkRateLimit
FN:17,(anonymous_2)
FN:26,(anonymous_3)
FN:29,(anonymous_4)
FN:36,(anonymous_5)
FN:50,(anonymous_6)
FN:54,(anonymous_7)
FN:71,(anonymous_8)
FN:81,(anonymous_9)
FN:85,(anonymous_10)
FN:101,(anonymous_11)
FN:190,(anonymous_12)
FN:274,(anonymous_13)
FN:303,(anonymous_14)
FN:316,(anonymous_15)
FN:325,(anonymous_16)
FNF:16
FNH:13
FNDA:33,checkRateLimit
FNDA:86,(anonymous_2)
FNDA:8,(anonymous_3)
FNDA:13,(anonymous_4)
FNDA:5,(anonymous_5)
FNDA:6,(anonymous_6)
FNDA:5,(anonymous_7)
FNDA:7,(anonymous_8)
FNDA:6,(anonymous_9)
FNDA:5,(anonymous_10)
FNDA:38,(anonymous_11)
FNDA:31,(anonymous_12)
FNDA:7,(anonymous_13)
FNDA:0,(anonymous_14)
FNDA:0,(anonymous_15)
FNDA:0,(anonymous_16)
DA:1,6
DA:2,6
DA:3,6
DA:4,6
DA:5,6
DA:6,6
DA:7,6
DA:10,6
DA:11,6
DA:12,6
DA:14,6
DA:15,33
DA:16,33
DA:17,86
DA:18,33
DA:19,23
DA:20,23
DA:21,23
DA:24,6
DA:26,6
DA:27,8
DA:28,8
DA:29,13
DA:30,7
DA:32,1
DA:36,6
DA:37,5
DA:39,5
DA:43,4
DA:45,1
DA:50,6
DA:51,6
DA:52,6
DA:54,5
DA:55,5
DA:56,5
DA:64,5
DA:66,1
DA:71,6
DA:72,7
DA:73,7
DA:74,6
DA:76,1
DA:81,6
DA:82,6
DA:83,6
DA:85,5
DA:86,5
DA:87,5
DA:95,5
DA:97,1
DA:101,6
DA:102,38
DA:103,38
DA:105,38
DA:106,2
DA:108,36
DA:109,36
DA:110,3
DA:114,33
DA:115,10
DA:119,23
DA:120,23
DA:121,1
DA:123,22
DA:124,3
DA:127,19
DA:129,19
DA:130,4
DA:134,15
DA:135,15
DA:136,2
DA:140,13
DA:145,13
DA:146,3
DA:150,10
DA:155,10
DA:156,2
DA:159,8
DA:163,8
DA:166,7
DA:172,7
DA:173,0
DA:174,0
DA:180,0
DA:184,7
DA:186,1
DA:190,6
DA:191,31
DA:192,31
DA:194,31
DA:195,10
DA:198,21
DA:199,19
DA:200,2
DA:203,17
DA:204,3
DA:207,14
DA:208,4
DA:211,10
DA:212,7
DA:213,7
DA:216,7
DA:217,7
DA:219,7
DA:224,7
DA:225,6
DA:228,6
DA:241,6
DA:242,6
DA:245,6
DA:246,6
DA:251,6
DA:252,0
DA:258,0
DA:261,3
DA:262,3
DA:265,3
DA:268,9
DA:270,3
DA:274,6
DA:275,7
DA:276,7
DA:277,7
DA:278,0
DA:281,7
DA:288,3
DA:289,2
DA:293,1
DA:294,1
DA:296,1
DA:298,4
DA:303,6
DA:304,0
DA:305,0
DA:306,0
DA:308,0
DA:309,0
DA:310,0
DA:311,0
DA:312,0
DA:314,0
DA:316,0
DA:317,0
DA:320,0
DA:325,6
DA:326,0
DA:327,0
DA:328,0
DA:329,0
DA:330,0
DA:332,0
DA:333,0
DA:335,0
DA:336,0
DA:338,0
DA:339,0
DA:342,0
DA:344,0
DA:346,0
DA:350,6
DA:353,6
LF:162
LH:130
BRDA:16,0,0,33
BRDA:16,0,1,8
BRDA:18,1,0,10
BRDA:105,2,0,2
BRDA:105,3,0,38
BRDA:105,3,1,36
BRDA:109,4,0,3
BRDA:114,5,0,10
BRDA:114,6,0,33
BRDA:114,6,1,33
BRDA:120,7,0,1
BRDA:123,8,0,3
BRDA:129,9,0,4
BRDA:135,10,0,2
BRDA:145,11,0,3
BRDA:155,12,0,2
BRDA:172,13,0,0
BRDA:194,14,0,10
BRDA:194,15,0,31
BRDA:194,15,1,28
BRDA:199,16,0,2
BRDA:203,17,0,3
BRDA:207,18,0,4
BRDA:211,19,0,7
BRDA:211,19,1,3
BRDA:224,20,0,7
BRDA:225,21,0,6
BRDA:251,22,0,0
BRDA:251,23,0,6
BRDA:251,23,1,0
BRDA:277,24,0,0
BRDA:288,25,0,2
BRDA:305,26,0,0
BRDA:329,27,0,0
BRDA:332,28,0,0
BRDA:335,29,0,0
BRF:36
BRH:28
end_of_record
TN:
SF:src/routes/movieRoutes.ts
FN:18,(anonymous_1)
FN:52,(anonymous_2)
FN:74,(anonymous_3)
FN:111,(anonymous_4)
FN:114,(anonymous_5)
FN:124,(anonymous_6)
FN:132,(anonymous_7)
FN:135,(anonymous_8)
FN:158,(anonymous_9)
FN:206,(anonymous_10)
FN:255,(anonymous_11)
FN:283,(anonymous_12)
FN:318,(anonymous_13)
FN:319,(anonymous_14)
FN:322,(anonymous_15)
FN:340,(anonymous_16)
FN:357,(anonymous_17)
FN:378,(anonymous_18)
FN:393,(anonymous_19)
FN:399,(anonymous_20)
FN:403,(anonymous_21)
FN:407,(anonymous_22)
FNF:22
FNH:21
FNDA:16,(anonymous_1)
FNDA:3,(anonymous_2)
FNDA:2,(anonymous_3)
FNDA:2,(anonymous_4)
FNDA:3,(anonymous_5)
FNDA:0,(anonymous_6)
FNDA:7,(anonymous_7)
FNDA:7,(anonymous_8)
FNDA:48,(anonymous_9)
FNDA:1,(anonymous_10)
FNDA:7,(anonymous_11)
FNDA:5,(anonymous_12)
FNDA:6,(anonymous_13)
FNDA:3,(anonymous_14)
FNDA:3,(anonymous_15)
FNDA:4,(anonymous_16)
FNDA:5,(anonymous_17)
FNDA:7,(anonymous_18)
FNDA:4,(anonymous_19)
FNDA:3,(anonymous_20)
FNDA:2,(anonymous_21)
FNDA:1,(anonymous_22)
DA:1,11
DA:2,11
DA:3,11
DA:4,11
DA:5,11
DA:6,11
DA:7,11
DA:11,11
DA:12,11
DA:13,11
DA:14,11
DA:16,11
DA:18,11
DA:19,16
DA:20,16
DA:21,16
DA:22,3
DA:25,13
DA:26,13
DA:27,1
DA:30,12
DA:31,8
DA:40,6
DA:52,6
DA:53,3
DA:54,3
DA:65,6
DA:66,6
DA:67,2
DA:68,2
DA:71,2
DA:72,2
DA:73,2
DA:75,2
DA:76,2
DA:77,2
DA:78,1
DA:87,1
DA:98,2
DA:104,6
DA:105,4
DA:109,2
DA:110,2
DA:112,2
DA:113,2
DA:114,1
DA:115,3
DA:116,3
DA:118,1
DA:120,1
DA:124,2
DA:125,2
DA:126,2
DA:128,6
DA:132,11
DA:133,7
DA:134,7
DA:135,5
DA:136,7
DA:137,7
DA:152,5
DA:154,2
DA:158,11
DA:159,48
DA:160,48
DA:161,48
DA:163,46
DA:171,46
DA:174,14
DA:175,14
DA:176,14
DA:177,14
DA:178,13
DA:179,13
DA:180,13
DA:181,13
DA:184,1
DA:185,1
DA:193,14
DA:202,14
DA:205,14
DA:206,14
DA:207,1
DA:213,14
DA:222,14
DA:236,14
DA:238,34
DA:246,11
DA:249,11
DA:252,11
DA:255,11
DA:256,7
DA:257,7
DA:258,7
DA:259,2
DA:261,5
DA:262,4
DA:263,1
DA:265,3
DA:266,3
DA:267,3
DA:268,2
DA:273,2
DA:274,2
DA:276,2
DA:278,2
DA:283,11
DA:284,5
DA:285,5
DA:286,5
DA:287,1
DA:290,4
DA:292,4
DA:293,4
DA:294,1
DA:297,3
DA:298,3
DA:311,2
DA:313,2
DA:314,2
DA:316,1
DA:318,2
DA:319,6
DA:320,3
DA:321,3
DA:322,3
DA:324,2
DA:333,2
DA:335,1
DA:340,11
DA:341,4
DA:342,4
DA:343,4
DA:344,1
DA:346,3
DA:347,3
DA:348,1
DA:350,2
DA:351,2
DA:355,1
DA:356,1
DA:358,5
DA:359,5
DA:362,1
DA:371,1
DA:373,1
DA:378,11
DA:379,7
DA:380,7
DA:381,7
DA:382,1
DA:384,6
DA:385,6
DA:386,1
DA:388,5
DA:389,5
DA:392,4
DA:393,4
DA:394,4
DA:395,4
DA:399,4
DA:400,3
DA:401,3
DA:404,2
DA:405,2
DA:408,1
DA:409,1
DA:413,4
DA:420,4
DA:422,1
DA:426,11
LF:171
LH:171
BRDA:20,0,0,16
BRDA:20,0,1,0
BRDA:21,1,0,3
BRDA:21,2,0,16
BRDA:21,2,1,15
BRDA:25,3,0,13
BRDA:25,3,1,1
BRDA:26,4,0,1
BRDA:40,5,0,6
BRDA:40,5,1,4
BRDA:52,6,0,6
BRDA:52,6,1,0
BRDA:57,7,0,3
BRDA:57,7,1,0
BRDA:58,8,0,3
BRDA:58,8,1,0
BRDA:59,9,0,3
BRDA:59,9,1,0
BRDA:60,10,0,3
BRDA:60,10,1,0
BRDA:66,11,0,2
BRDA:66,12,0,6
BRDA:66,12,1,3
BRDA:71,13,0,2
BRDA:71,13,1,0
BRDA:79,14,0,1
BRDA:79,14,1,0
BRDA:80,15,0,1
BRDA:80,15,1,0
BRDA:81,16,0,1
BRDA:81,16,1,0
BRDA:81,16,2,0
BRDA:82,17,0,1
BRDA:82,17,1,0
BRDA:82,17,2,0
BRDA:83,18,0,1
BRDA:83,18,1,0
BRDA:83,18,2,0
BRDA:84,19,0,1
BRDA:84,19,1,0
BRDA:84,19,2,0
BRDA:90,20,0,1
BRDA:90,20,1,0
BRDA:91,21,0,1
BRDA:91,21,1,0
BRDA:92,22,0,1
BRDA:92,22,1,0
BRDA:93,23,0,1
BRDA:93,23,1,0
BRDA:104,24,0,4
BRDA:104,25,0,6
BRDA:104,25,1,2
BRDA:114,26,0,1
BRDA:114,26,1,0
BRDA:144,27,0,7
BRDA:144,27,1,5
BRDA:177,28,0,13
BRDA:177,29,0,14
BRDA:177,29,1,6
BRDA:177,29,2,13
BRDA:178,30,0,13
BRDA:178,30,1,0
BRDA:179,31,0,13
BRDA:184,32,0,1
BRDA:184,33,0,1
BRDA:184,33,1,0
BRDA:185,34,0,1
BRDA:185,35,0,1
BRDA:185,35,1,0
BRDA:228,36,0,14
BRDA:228,36,1,7
BRDA:229,37,0,14
BRDA:229,37,1,10
BRDA:229,37,2,10
BRDA:258,38,0,2
BRDA:262,39,0,1
BRDA:286,40,0,1
BRDA:286,41,0,5
BRDA:286,41,1,4
BRDA:290,42,0,4
BRDA:290,42,1,3
BRDA:292,43,0,4
BRDA:292,43,1,1
BRDA:293,44,0,1
BRDA:311,45,0,2
BRDA:311,45,1,0
BRDA:313,46,0,2
BRDA:313,46,1,1
BRDA:314,47,0,1
BRDA:319,48,0,3
BRDA:319,48,1,3
BRDA:343,49,0,1
BRDA:343,50,0,4
BRDA:343,50,1,3
BRDA:346,51,0,3
BRDA:346,51,1,1
BRDA:347,52,0,1
BRDA:355,53,0,1
BRDA:355,53,1,0
BRDA:356,54,0,1
BRDA:356,54,1,0
BRDA:365,55,0,1
BRDA:365,55,1,0
BRDA:366,56,0,1
BRDA:366,56,1,0
BRDA:367,57,0,1
BRDA:367,57,1,0
BRDA:368,58,0,1
BRDA:368,58,1,0
BRDA:381,59,0,1
BRDA:381,60,0,7
BRDA:381,60,1,6
BRDA:384,61,0,6
BRDA:384,61,1,1
BRDA:385,62,0,1
BRDA:392,63,0,4
BRDA:392,63,1,0
BRDA:399,64,0,4
BRDA:399,64,1,3
BRDA:399,64,2,2
BRDA:399,64,3,1
BRDA:401,65,0,3
BRDA:401,65,1,2
BRDA:413,66,0,3
BRDA:413,66,1,1
BRF:125
BRH:92
end_of_record
TN:
SF:src/routes/quoteRoutes.ts
FN:11,(anonymous_0)
FNF:1
FNH:1
FNDA:9,(anonymous_0)
DA:1,2
DA:2,2
DA:3,2
DA:4,2
DA:6,2
DA:11,2
DA:12,9
DA:13,9
DA:14,9
DA:15,9
DA:16,2
DA:19,7
DA:20,6
DA:21,5
DA:24,1
DA:26,1
DA:30,2
LF:17
LH:17
BRDA:13,0,0,9
BRDA:13,0,1,1
BRDA:14,1,0,9
BRDA:14,1,1,7
BRDA:14,2,0,9
BRDA:14,2,1,6
BRDA:15,3,0,2
BRDA:20,4,0,5
BRF:8
BRH:8
end_of_record
TN:
SF:src/routes/recommendationRoutes.ts
FNF:0
FNH:0
DA:1,5
DA:2,5
DA:3,5
DA:4,5
DA:7,5
DA:14,5
DA:17,5
DA:20,5
LF:8
LH:8
BRF:0
BRH:0
end_of_record
TN:
SF:src/routes/userRoutes.ts
FN:15,escapeRegexForMongo
FN:20,(anonymous_2)
FN:47,(anonymous_3)
FN:82,(anonymous_4)
FN:108,(anonymous_5)
FN:125,(anonymous_6)
FNF:6
FNH:5
FNDA:8,escapeRegexForMongo
FNDA:11,(anonymous_2)
FNDA:15,(anonymous_3)
FNDA:14,(anonymous_4)
FNDA:1,(anonymous_5)
FNDA:0,(anonymous_6)
DA:1,4
DA:2,4
DA:3,4
DA:4,4
DA:5,4
DA:6,4
DA:7,4
DA:9,4
DA:16,8
DA:20,4
DA:21,11
DA:22,11
DA:23,11
DA:24,3
DA:29,8
DA:30,8
DA:40,7
DA:42,1
DA:47,4
DA:48,15
DA:49,15
DA:50,15
DA:52,15
DA:53,5
DA:54,5
DA:57,10
DA:58,2
DA:59,2
DA:62,8
DA:68,7
DA:69,1
DA:70,1
DA:73,6
DA:74,6
DA:76,1
DA:77,1
DA:82,4
DA:83,14
DA:84,14
DA:86,14
DA:87,6
DA:90,8
DA:96,7
DA:97,1
DA:100,6
DA:101,6
DA:103,1
DA:104,1
DA:108,4
DA:109,1
DA:110,1
DA:111,1
DA:112,1
DA:114,0
DA:115,0
DA:116,0
DA:118,0
DA:120,0
DA:125,4
DA:126,0
DA:127,0
DA:128,0
DA:129,0
DA:131,0
DA:132,0
DA:134,0
DA:138,4
LF:67
LH:55
BRDA:22,0,0,11
BRDA:22,0,1,1
BRDA:23,1,0,3
BRDA:23,2,0,11
BRDA:23,2,1,9
BRDA:50,3,0,10
BRDA:50,3,1,5
BRDA:52,4,0,5
BRDA:57,5,0,2
BRDA:68,6,0,1
BRDA:86,7,0,6
BRDA:86,8,0,14
BRDA:86,8,1,9
BRDA:96,9,0,1
BRDA:111,10,0,1
BRDA:115,11,0,0
BRDA:128,12,0,0
BRF:17
BRH:15
end_of_record
TN:
SF:src/routes/watchlistRoutes.ts
FN:10,(anonymous_1)
FN:20,(anonymous_2)
FN:77,(anonymous_3)
FNF:3
FNH:3
FNDA:11,(anonymous_1)
FNDA:29,(anonymous_2)
FNDA:11,(anonymous_3)
DA:1,4
DA:2,4
DA:3,4
DA:4,4
DA:5,4
DA:7,4
DA:10,4
DA:11,11
DA:12,11
DA:13,10
DA:15,1
DA:20,4
DA:21,29
DA:22,29
DA:29,29
DA:30,6
DA:36,23
DA:37,22
DA:38,3
DA:45,19
DA:46,19
DA:47,19
DA:48,16
DA:49,16
DA:50,16
DA:51,3
DA:52,3
DA:57,19
DA:64,19
DA:66,19
DA:68,1
DA:69,1
DA:77,4
DA:78,11
DA:79,11
DA:80,11
DA:81,8
DA:82,3
DA:84,5
DA:86,3
DA:90,4
LF:41
LH:41
BRDA:29,0,0,6
BRDA:29,1,0,29
BRDA:29,1,1,25
BRDA:37,2,0,3
BRDA:47,3,0,16
BRDA:47,4,0,19
BRDA:47,4,1,4
BRDA:51,5,0,2
BRDA:51,6,0,2
BRDA:51,6,1,0
BRDA:52,7,0,3
BRDA:52,8,0,3
BRDA:52,8,1,0
BRDA:81,9,0,3
BRF:14
BRH:12
end_of_record
TN:
SF:src/services/notification.service.ts
FN:11,(anonymous_10)
FN:15,(anonymous_11)
FN:72,(anonymous_12)
FN:125,(anonymous_13)
FN:176,(anonymous_14)
FN:224,(anonymous_15)
FN:276,(anonymous_16)
FN:335,(anonymous_17)
FN:373,(anonymous_18)
FNF:9
FNH:9
FNDA:42,(anonymous_10)
FNDA:42,(anonymous_11)
FNDA:8,(anonymous_12)
FNDA:2,(anonymous_13)
FNDA:3,(anonymous_14)
FNDA:4,(anonymous_15)
FNDA:5,(anonymous_16)
FNDA:6,(anonymous_17)
FNDA:6,(anonymous_18)
DA:2,42
DA:3,42
DA:4,42
DA:5,42
DA:6,42
DA:9,42
DA:12,42
DA:16,42
DA:18,42
DA:19,25
DA:20,25
DA:21,25
DA:25,17
DA:27,17
DA:29,17
DA:32,17
DA:33,0
DA:36,17
DA:37,0
DA:41,17
DA:42,17
DA:44,17
DA:47,17
DA:48,17
DA:49,0
DA:51,0
DA:58,0
DA:59,0
DA:61,0
DA:64,0
DA:65,0
DA:78,8
DA:79,0
DA:80,0
DA:83,8
DA:84,8
DA:107,8
DA:108,2
DA:109,2
DA:111,6
DA:112,6
DA:114,2
DA:116,4
DA:118,6
DA:130,2
DA:131,0
DA:132,0
DA:135,2
DA:136,2
DA:158,2
DA:159,1
DA:160,1
DA:162,1
DA:163,1
DA:165,1
DA:167,0
DA:169,1
DA:180,3
DA:181,0
DA:182,0
DA:185,3
DA:186,3
DA:206,3
DA:207,2
DA:208,2
DA:210,1
DA:211,1
DA:213,0
DA:215,1
DA:217,1
DA:230,4
DA:231,0
DA:232,0
DA:235,4
DA:236,4
DA:258,4
DA:259,1
DA:260,1
DA:262,3
DA:263,3
DA:265,2
DA:267,1
DA:269,3
DA:283,5
DA:284,0
DA:285,0
DA:288,5
DA:289,5
DA:293,5
DA:317,5
DA:318,2
DA:319,2
DA:321,3
DA:322,3
DA:324,2
DA:326,1
DA:328,3
DA:341,6
DA:342,0
DA:343,0
DA:346,6
DA:347,1
DA:350,5
DA:351,5
DA:368,5
DA:369,4
DA:372,4
DA:373,2
DA:374,6
DA:375,4
DA:380,4
DA:382,1
DA:383,1
DA:388,42
LF:114
LH:91
BRDA:18,0,0,25
BRDA:27,1,0,17
BRDA:27,1,1,0
BRDA:32,2,0,0
BRDA:36,3,0,0
BRDA:49,4,0,0
BRDA:49,4,1,0
BRDA:78,5,0,0
BRDA:112,6,0,2
BRDA:112,6,1,4
BRDA:112,7,0,6
BRDA:112,7,1,5
BRDA:114,8,0,2
BRDA:114,8,1,0
BRDA:130,9,0,0
BRDA:163,10,0,1
BRDA:163,10,1,0
BRDA:163,11,0,1
BRDA:163,11,1,0
BRDA:165,12,0,1
BRDA:165,12,1,0
BRDA:180,13,0,0
BRDA:211,14,0,0
BRDA:211,14,1,1
BRDA:211,15,0,1
BRDA:211,15,1,1
BRDA:213,16,0,0
BRDA:213,16,1,0
BRDA:230,17,0,0
BRDA:263,18,0,2
BRDA:263,18,1,1
BRDA:263,19,0,3
BRDA:263,19,1,2
BRDA:265,20,0,2
BRDA:265,20,1,0
BRDA:283,21,0,0
BRDA:289,22,0,1
BRDA:289,22,1,4
BRDA:322,23,0,2
BRDA:322,23,1,1
BRDA:322,24,0,3
BRDA:322,24,1,2
BRDA:324,25,0,2
BRDA:324,25,1,0
BRDA:341,26,0,0
BRDA:346,27,0,1
BRDA:372,28,0,2
BRDA:374,29,0,4
BRF:48
BRH:28
end_of_record
TN:
SF:src/services/auth/authService.ts
FN:9,(anonymous_1)
FN:32,(anonymous_2)
FN:49,(anonymous_3)
FN:76,(anonymous_4)
FNF:4
FNH:4
FNDA:23,(anonymous_1)
FNDA:11,(anonymous_2)
FNDA:10,(anonymous_3)
FNDA:12,(anonymous_4)
DA:1,4
DA:2,4
DA:3,4
DA:4,4
DA:6,4
DA:8,4
DA:10,23
DA:11,23
DA:16,15
DA:17,15
DA:18,4
DA:21,11
DA:28,12
DA:33,11
DA:34,7
DA:36,7
DA:38,6
DA:39,1
DA:40,1
DA:43,5
DA:44,4
DA:46,4
DA:50,10
DA:51,6
DA:53,6
DA:55,6
DA:56,2
DA:57,2
DA:60,4
DA:68,4
DA:69,3
DA:71,3
DA:73,3
DA:77,12
LF:34
LH:34
BRDA:17,0,0,4
BRDA:17,1,0,15
BRDA:17,1,1,14
BRDA:17,1,2,12
BRDA:23,2,0,11
BRDA:23,2,1,1
BRDA:38,3,0,1
BRDA:55,4,0,2
BRDA:77,5,0,12
BRDA:77,5,1,1
BRF:10
BRH:10
end_of_record
TN:
SF:src/services/sse/sseService.ts
FN:11,(anonymous_0)
FN:14,(anonymous_1)
FN:21,(anonymous_2)
FN:26,(anonymous_3)
FN:36,(anonymous_4)
FN:57,(anonymous_5)
FN:63,(anonymous_6)
FNF:7
FNH:7
FNDA:19,(anonymous_0)
FNDA:34,(anonymous_1)
FNDA:4,(anonymous_2)
FNDA:12,(anonymous_3)
FNDA:48,(anonymous_4)
FNDA:4,(anonymous_5)
FNDA:4,(anonymous_6)
DA:2,19
DA:12,19
DA:15,34
DA:16,28
DA:18,34
DA:21,34
DA:22,4
DA:27,12
DA:28,12
DA:29,11
DA:30,11
DA:31,8
DA:37,48
DA:38,48
DA:40,20
DA:41,20
DA:43,20
DA:44,22
DA:45,22
DA:46,19
DA:48,3
DA:52,1
DA:57,20
DA:64,4
DA:65,4
DA:66,6
DA:67,6
DA:68,6
DA:69,4
DA:75,6
DA:77,4
DA:81,19
LF:32
LH:32
BRDA:15,0,0,28
BRDA:28,1,0,11
BRDA:30,2,0,8
BRDA:38,3,0,28
BRDA:45,4,0,19
BRDA:45,4,1,3
BRDA:45,5,0,22
BRDA:45,5,1,20
BRDA:68,6,0,4
BRDA:68,7,0,6
BRDA:68,7,1,5
BRF:11
BRH:11
end_of_record
TN:
SF:src/services/tmdb/tmdbClient.ts
FN:3,redactParams
FN:10,getTmdbClient
FN:16,(anonymous_3)
FN:29,(anonymous_4)
FN:36,(anonymous_5)
FNF:5
FNH:5
FNDA:325,redactParams
FNDA:97,getTmdbClient
FNDA:325,(anonymous_3)
FNDA:2,(anonymous_4)
FNDA:322,(anonymous_5)
DA:1,20
DA:4,325
DA:5,325
DA:6,325
DA:7,325
DA:10,20
DA:11,97
DA:16,97
DA:17,325
DA:18,325
DA:19,325
DA:20,325
DA:21,325
DA:22,325
DA:24,325
DA:25,325
DA:28,93
DA:30,2
DA:31,2
DA:33,2
DA:34,2
DA:37,322
DA:38,322
DA:39,322
DA:41,322
DA:42,322
DA:46,93
LF:27
LH:27
BRDA:4,0,0,0
BRDA:6,1,0,325
BRDA:17,2,0,325
BRDA:17,2,1,1
BRDA:18,3,0,325
BRDA:18,3,1,1
BRDA:31,4,0,2
BRDA:31,4,1,0
BRDA:33,5,0,2
BRDA:33,5,1,0
BRDA:37,6,0,322
BRDA:37,6,1,1
BRDA:39,7,0,321
BRDA:39,7,1,1
BRDA:41,8,0,322
BRDA:41,8,1,1
BRDA:41,9,0,321
BRDA:41,9,1,1
BRF:18
BRH:15
end_of_record
TN:
SF:src/services/tmdb/tmdbTaglineService.ts
FN:8,getCacheKey
FN:13,isFresh
FN:22,fetchMovieTagline
FNF:3
FNH:3
FNDA:20,getCacheKey
FNDA:6,isFresh
FNDA:20,fetchMovieTagline
DA:1,2
DA:2,2
DA:5,2
DA:6,2
DA:9,20
DA:10,20
DA:14,6
DA:22,2
DA:23,20
DA:24,20
DA:25,20
DA:27,15
DA:28,15
DA:31,15
DA:32,15
DA:41,14
DA:42,14
DA:43,1
DA:47,13
DA:48,13
DA:49,1
DA:53,12
DA:59,12
DA:60,12
DA:61,10
DA:62,10
DA:65,2
DA:68,1
DA:73,1
LF:29
LH:29
BRDA:10,0,0,20
BRDA:10,0,1,1
BRDA:25,1,0,5
BRDA:25,2,0,20
BRDA:25,2,1,6
BRDA:31,3,0,14
BRDA:31,3,1,1
BRDA:41,4,0,14
BRDA:41,4,1,0
BRDA:42,5,0,1
BRDA:48,6,0,1
BRDA:60,7,0,10
BRDA:60,8,0,12
BRDA:60,8,1,11
BRF:14
BRH:13
end_of_record
TN:
SF:src/utils/asyncHandler.ts
FN:13,(anonymous_0)
FN:16,(anonymous_1)
FNF:2
FNH:2
FNDA:271,(anonymous_0)
FNDA:572,(anonymous_1)
DA:13,35
DA:16,271
DA:17,572
LF:3
LH:3
BRF:0
BRH:0
end_of_record
TN:
SF:src/utils/comparisonSession.ts
FN:13,(anonymous_0)
FN:25,(anonymous_1)
FN:27,(anonymous_2)
FN:34,(anonymous_3)
FNF:4
FNH:4
FNDA:53,(anonymous_0)
FNDA:115,(anonymous_1)
FNDA:20,(anonymous_2)
FNDA:47,(anonymous_3)
DA:11,11
DA:13,11
DA:18,53
DA:25,115
DA:27,11
DA:28,20
DA:29,20
DA:30,18
DA:31,18
DA:34,11
DA:35,47
LF:11
LH:11
BRDA:29,0,0,2
BRF:1
BRH:1
end_of_record
TN:
SF:src/utils/logger.ts
FN:30,getTimestamp
FN:34,formatMessage
FN:37,(anonymous_2)
FN:48,(anonymous_3)
FN:52,(anonymous_4)
FN:56,(anonymous_5)
FN:60,(anonymous_6)
FN:64,(anonymous_7)
FN:70,(anonymous_8)
FNF:9
FNH:9
FNDA:387,getTimestamp
FNDA:378,formatMessage
FNDA:323,(anonymous_2)
FNDA:37,(anonymous_3)
FNDA:36,(anonymous_4)
FNDA:290,(anonymous_5)
FNDA:13,(anonymous_6)
FNDA:4,(anonymous_7)
FNDA:9,(anonymous_8)
DA:4,29
DA:31,387
DA:35,378
DA:36,378
DA:38,323
DA:42,378
DA:47,29
DA:49,37
DA:53,36
DA:57,290
DA:61,13
DA:65,4
DA:66,2
DA:71,9
DA:72,9
DA:73,9
DA:75,9
LF:17
LH:17
BRDA:36,0,0,318
BRDA:36,0,1,60
BRDA:38,1,0,314
BRDA:38,1,1,9
BRDA:65,2,0,2
BRDA:72,3,0,2
BRDA:72,3,1,7
BRDA:72,4,0,9
BRDA:72,4,1,8
BRDA:73,5,0,4
BRDA:73,5,1,5
BRDA:76,6,0,9
BRDA:76,6,1,1
BRF:13
BRH:13
end_of_record
