TN:
SF:src/middleware/auth.ts
FN:8,(anonymous_1)
FNF:1
FNH:1
FNDA:14,(anonymous_1)
DA:2,2
DA:8,2
DA:9,14
DA:10,14
DA:12,14
DA:13,2
DA:19,12
DA:20,12
DA:21,12
DA:23,0
LF:10
LH:9
BRDA:12,0,0,2
BRDA:19,1,0,12
BRDA:19,1,1,0
BRF:3
BRH:2
end_of_record
TN:
SF:src/models/user/User.ts
FNF:0
FNH:0
DA:1,2
DA:14,2
DA:26,2
LF:3
LH:3
BRF:0
BRH:0
end_of_record
TN:
SF:src/routes/quoteRoutes.ts
FN:23,(anonymous_0)
FNF:1
FNH:1
FNDA:12,(anonymous_0)
DA:1,2
DA:2,2
DA:3,2
DA:4,2
DA:6,2
DA:9,2
DA:23,2
DA:24,12
DA:25,12
DA:26,12
DA:27,12
DA:28,3
DA:31,9
DA:32,8
DA:33,5
DA:36,3
DA:37,3
DA:40,1
DA:41,1
DA:45,2
LF:20
LH:20
BRDA:25,0,0,12
BRDA:25,0,1,2
BRDA:26,1,0,12
BRDA:26,1,1,10
BRDA:26,2,0,12
BRDA:26,2,1,9
BRDA:27,3,0,3
BRDA:32,4,0,5
BRF:8
BRH:8
end_of_record
TN:
SF:src/services/tmdb/tmdbClient.ts
FN:3,sanitizeForLog
FN:7,redactParams
FN:14,safeTmdbLog
FN:19,getTmdbClient
FN:25,(anonymous_5)
FN:39,(anonymous_6)
FN:48,(anonymous_7)
FNF:7
FNH:6
FNDA:10,sanitizeForLog
FNDA:2,redactParams
FNDA:4,safeTmdbLog
FNDA:2,getTmdbClient
FNDA:2,(anonymous_5)
FNDA:0,(anonymous_6)
FNDA:2,(anonymous_7)
DA:1,1
DA:4,10
DA:8,2
DA:9,2
DA:10,2
DA:11,2
DA:15,4
DA:16,4
DA:19,1
DA:20,2
DA:25,2
DA:26,2
DA:27,2
DA:28,2
DA:29,2
DA:30,2
DA:31,2
DA:32,2
DA:33,2
DA:34,2
DA:35,2
DA:38,2
DA:40,0
DA:41,0
DA:42,0
DA:43,0
DA:44,0
DA:45,0
DA:46,0
DA:49,2
DA:50,2
DA:51,2
DA:52,2
DA:53,2
DA:54,2
DA:55,2
DA:56,2
DA:57,2
DA:61,2
LF:39
LH:32
BRDA:8,0,0,0
BRDA:10,1,0,2
BRDA:26,2,0,2
BRDA:26,2,1,0
BRDA:27,3,0,2
BRDA:27,3,1,0
BRDA:32,4,0,2
BRDA:32,4,1,0
BRDA:33,5,0,2
BRDA:33,5,1,0
BRDA:41,6,0,0
BRDA:41,6,1,0
BRDA:42,7,0,0
BRDA:42,7,1,0
BRDA:43,8,0,0
BRDA:43,8,1,0
BRDA:44,9,0,0
BRDA:44,9,1,0
BRDA:49,10,0,2
BRDA:49,10,1,0
BRDA:51,11,0,2
BRDA:51,11,1,0
BRDA:52,12,0,2
BRDA:52,12,1,0
BRDA:53,13,0,2
BRDA:53,13,1,0
BRDA:54,14,0,2
BRDA:54,14,1,0
BRDA:55,15,0,2
BRDA:55,15,1,0
BRF:30
BRH:11
end_of_record
TN:
SF:src/services/tmdb/tmdbTaglineService.ts
FN:8,getCacheKey
FN:13,isFresh
FN:22,fetchMovieTagline
FNF:3
FNH:2
FNDA:2,getCacheKey
FNDA:0,isFresh
FNDA:2,fetchMovieTagline
DA:1,1
DA:2,1
DA:5,1
DA:6,1
DA:9,2
DA:10,2
DA:14,0
DA:22,1
DA:23,2
DA:24,2
DA:25,2
DA:27,2
DA:28,2
DA:31,2
DA:32,2
DA:41,0
DA:42,0
DA:43,0
DA:47,0
DA:48,0
DA:49,0
DA:53,0
DA:59,0
DA:60,0
DA:61,0
DA:62,0
DA:65,0
DA:68,2
DA:73,2
LF:29
LH:16
BRDA:10,0,0,2
BRDA:10,0,1,2
BRDA:25,1,0,0
BRDA:25,2,0,2
BRDA:25,2,1,0
BRDA:31,3,0,0
BRDA:31,3,1,2
BRDA:41,4,0,0
BRDA:41,4,1,0
BRDA:42,5,0,0
BRDA:48,6,0,0
BRDA:60,7,0,0
BRDA:60,8,0,0
BRDA:60,8,1,0
BRDA:60,8,2,0
BRF:15
BRH:4
end_of_record
TN:
SF:src/utils/asyncHandler.ts
FN:13,(anonymous_0)
FN:16,(anonymous_1)
FN:17,(anonymous_2)
FNF:3
FNH:2
FNDA:2,(anonymous_0)
FNDA:12,(anonymous_1)
FNDA:0,(anonymous_2)
DA:13,2
DA:16,2
DA:17,12
LF:3
LH:3
BRF:0
BRH:0
end_of_record
TN:
SF:src/utils/logger.ts
FN:5,sanitizeForLog
FN:35,getTimestamp
FN:39,formatMessage
FN:43,(anonymous_3)
FN:67,(anonymous_4)
FN:71,(anonymous_5)
FN:75,(anonymous_6)
FN:79,(anonymous_7)
FN:83,(anonymous_8)
FN:89,(anonymous_9)
FNF:10
FNH:5
FNDA:2,sanitizeForLog
FNDA:2,getTimestamp
FNDA:2,formatMessage
FNDA:2,(anonymous_3)
FNDA:0,(anonymous_4)
FNDA:0,(anonymous_5)
FNDA:2,(anonymous_6)
FNDA:0,(anonymous_7)
FNDA:0,(anonymous_8)
FNDA:0,(anonymous_9)
DA:6,2
DA:9,1
DA:36,2
DA:40,2
DA:41,2
DA:42,2
DA:44,2
DA:48,2
DA:63,2
DA:66,1
DA:68,0
DA:72,0
DA:76,2
DA:80,0
DA:84,0
DA:85,0
DA:90,0
DA:91,0
DA:92,0
DA:93,0
DA:94,0
DA:95,0
DA:97,0
DA:116,0
LF:24
LH:11
BRDA:42,0,0,2
BRDA:42,0,1,0
BRDA:44,1,0,2
BRDA:44,1,1,0
BRDA:84,2,0,0
BRDA:91,3,0,0
BRDA:91,3,1,0
BRDA:91,4,0,0
BRDA:91,4,1,0
BRDA:92,5,0,0
BRDA:92,5,1,0
BRDA:95,6,0,0
BRDA:95,6,1,0
BRF:13
BRH:2
end_of_record
